2024-05-11 10:01:09,928 DEBUG o.s.w.s.DispatcherServlet [http-nio-9181-exec-5] DispatcherServlet with name 'dispatcherServlet' processing POST request for [/api/jwt]
2024-05-11 10:01:09,928 DEBUG o.s.w.s.m.m.a.RequestMappingHandlerMapping [http-nio-9181-exec-5] Looking up handler method for path /api/jwt
2024-05-11 10:01:09,928 DEBUG o.s.w.s.m.m.a.RequestMappingHandlerMapping [http-nio-9181-exec-5] Returning handler method [public java.lang.String org.ips.xml.signer.xmlsigner.controller.DigestController.getJwt(java.lang.String)]
2024-05-11 10:01:09,929 DEBUG o.s.w.s.m.m.a.RequestResponseBodyMethodProcessor [http-nio-9181-exec-5] Read [class java.lang.String] as "application/xml;charset=UTF-8" with [org.springframework.http.converter.StringHttpMessageConverter@5990e6c5]
2024-05-11 10:01:09,932 DEBUG o.s.w.s.m.m.a.ExceptionHandlerExceptionResolver [http-nio-9181-exec-5] Resolving exception from handler [public java.lang.String org.ips.xml.signer.xmlsigner.controller.DigestController.getJwt(java.lang.String)]: org.springframework.web.util.NestedServletException: Handler dispatch failed; nested exception is java.lang.NoClassDefFoundError: Could not initialize class com.auth0.jwt.JWTCreator
2024-05-11 10:01:09,933 DEBUG o.s.w.s.m.m.a.ExceptionHandlerExceptionResolver [http-nio-9181-exec-5] Invoking @ExceptionHandler method: public org.springframework.http.ResponseEntity<java.lang.Object> org.ips.xml.signer.xmlsigner.exceptions.GlobalExceptionHandler.handleAllUncaughtException(java.lang.Exception,org.springframework.web.context.request.WebRequest)
2024-05-11 10:01:09,933 ERROR GLOBAL_EXCEPTION_HANDLER [http-nio-9181-exec-5] Unknown error occurred
org.springframework.web.util.NestedServletException: Handler dispatch failed; nested exception is java.lang.NoClassDefFoundError: Could not initialize class com.auth0.jwt.JWTCreator
	at org.springframework.web.servlet.DispatcherServlet.doDispatch(DispatcherServlet.java:978)
	at org.springframework.web.servlet.DispatcherServlet.doService(DispatcherServlet.java:897)
	at org.springframework.web.servlet.FrameworkServlet.processRequest(FrameworkServlet.java:970)
	at org.springframework.web.servlet.FrameworkServlet.doPost(FrameworkServlet.java:872)
	at javax.servlet.http.HttpServlet.service(HttpServlet.java:648)
	at org.springframework.web.servlet.FrameworkServlet.service(FrameworkServlet.java:846)
	at javax.servlet.http.HttpServlet.service(HttpServlet.java:729)
	at org.apache.catalina.core.ApplicationFilterChain.internalDoFilter(ApplicationFilterChain.java:230)
	at org.apache.catalina.core.ApplicationFilterChain.doFilter(ApplicationFilterChain.java:165)
	at org.apache.tomcat.websocket.server.WsFilter.doFilter(WsFilter.java:52)
	at org.apache.catalina.core.ApplicationFilterChain.internalDoFilter(ApplicationFilterChain.java:192)
	at org.apache.catalina.core.ApplicationFilterChain.doFilter(ApplicationFilterChain.java:165)
	at org.springframework.web.filter.RequestContextFilter.doFilterInternal(RequestContextFilter.java:99)
	at org.springframework.web.filter.OncePerRequestFilter.doFilter(OncePerRequestFilter.java:107)
	at org.apache.catalina.core.ApplicationFilterChain.internalDoFilter(ApplicationFilterChain.java:192)
	at org.apache.catalina.core.ApplicationFilterChain.doFilter(ApplicationFilterChain.java:165)
	at org.springframework.web.filter.HttpPutFormContentFilter.doFilterInternal(HttpPutFormContentFilter.java:105)
	at org.springframework.web.filter.OncePerRequestFilter.doFilter(OncePerRequestFilter.java:107)
	at org.apache.catalina.core.ApplicationFilterChain.internalDoFilter(ApplicationFilterChain.java:192)
	at org.apache.catalina.core.ApplicationFilterChain.doFilter(ApplicationFilterChain.java:165)
	at org.springframework.web.filter.HiddenHttpMethodFilter.doFilterInternal(HiddenHttpMethodFilter.java:81)
	at org.springframework.web.filter.OncePerRequestFilter.doFilter(OncePerRequestFilter.java:107)
	at org.apache.catalina.core.ApplicationFilterChain.internalDoFilter(ApplicationFilterChain.java:192)
	at org.apache.catalina.core.ApplicationFilterChain.doFilter(ApplicationFilterChain.java:165)
	at org.springframework.web.filter.CharacterEncodingFilter.doFilterInternal(CharacterEncodingFilter.java:197)
	at org.springframework.web.filter.OncePerRequestFilter.doFilter(OncePerRequestFilter.java:107)
	at org.apache.catalina.core.ApplicationFilterChain.internalDoFilter(ApplicationFilterChain.java:192)
	at org.apache.catalina.core.ApplicationFilterChain.doFilter(ApplicationFilterChain.java:165)
	at org.springframework.boot.web.support.ErrorPageFilter.doFilter(ErrorPageFilter.java:115)
	at org.springframework.boot.web.support.ErrorPageFilter.access$000(ErrorPageFilter.java:59)
	at org.springframework.boot.web.support.ErrorPageFilter$1.doFilterInternal(ErrorPageFilter.java:90)
	at org.springframework.web.filter.OncePerRequestFilter.doFilter(OncePerRequestFilter.java:107)
	at org.springframework.boot.web.support.ErrorPageFilter.doFilter(ErrorPageFilter.java:108)
	at org.apache.catalina.core.ApplicationFilterChain.internalDoFilter(ApplicationFilterChain.java:192)
	at org.apache.catalina.core.ApplicationFilterChain.doFilter(ApplicationFilterChain.java:165)
	at org.apache.catalina.core.StandardWrapperValve.invoke(StandardWrapperValve.java:198)
	at org.apache.catalina.core.StandardContextValve.invoke(StandardContextValve.java:96)
	at org.apache.catalina.authenticator.AuthenticatorBase.invoke(AuthenticatorBase.java:474)
	at org.apache.catalina.core.StandardHostValve.invoke(StandardHostValve.java:140)
	at org.apache.catalina.valves.ErrorReportValve.invoke(ErrorReportValve.java:79)
	at org.apache.catalina.core.StandardEngineValve.invoke(StandardEngineValve.java:87)
	at org.apache.catalina.connector.CoyoteAdapter.service(CoyoteAdapter.java:349)
	at org.apache.coyote.http11.Http11Processor.service(Http11Processor.java:783)
	at org.apache.coyote.AbstractProcessorLight.process(AbstractProcessorLight.java:66)
	at org.apache.coyote.AbstractProtocol$ConnectionHandler.process(AbstractProtocol.java:798)
	at org.apache.tomcat.util.net.NioEndpoint$SocketProcessor.doRun(NioEndpoint.java:1434)
	at org.apache.tomcat.util.net.SocketProcessorBase.run(SocketProcessorBase.java:49)
	at java.util.concurrent.ThreadPoolExecutor.runWorker(ThreadPoolExecutor.java:1149)
	at java.util.concurrent.ThreadPoolExecutor$Worker.run(ThreadPoolExecutor.java:624)
	at org.apache.tomcat.util.threads.TaskThread$WrappingRunnable.run(TaskThread.java:61)
	at java.lang.Thread.run(Thread.java:748)
Caused by: java.lang.NoClassDefFoundError: Could not initialize class com.auth0.jwt.JWTCreator
	at com.auth0.jwt.JWT.create(JWT.java:72)
	at org.ips.xml.signer.xmlsigner.utils.JwtSigningUtils.generateAccessToken(JwtSigningUtils.java:31)
	at org.ips.xml.signer.xmlsigner.controller.DigestController.getJwt(DigestController.java:45)
	at sun.reflect.NativeMethodAccessorImpl.invoke0(Native Method)
	at sun.reflect.NativeMethodAccessorImpl.invoke(NativeMethodAccessorImpl.java:62)
	at sun.reflect.DelegatingMethodAccessorImpl.invoke(DelegatingMethodAccessorImpl.java:43)
	at java.lang.reflect.Method.invoke(Method.java:498)
	at org.springframework.web.method.support.InvocableHandlerMethod.doInvoke(InvocableHandlerMethod.java:205)
	at org.springframework.web.method.support.InvocableHandlerMethod.invokeForRequest(InvocableHandlerMethod.java:133)
	at org.springframework.web.servlet.mvc.method.annotation.ServletInvocableHandlerMethod.invokeAndHandle(ServletInvocableHandlerMethod.java:116)
	at org.springframework.web.servlet.mvc.method.annotation.RequestMappingHandlerAdapter.invokeHandlerMethod(RequestMappingHandlerAdapter.java:827)
	at org.springframework.web.servlet.mvc.method.annotation.RequestMappingHandlerAdapter.handleInternal(RequestMappingHandlerAdapter.java:738)
	at org.springframework.web.servlet.mvc.method.AbstractHandlerMethodAdapter.handle(AbstractHandlerMethodAdapter.java:85)
	at org.springframework.web.servlet.DispatcherServlet.doDispatch(DispatcherServlet.java:963)
	... 50 common frames omitted
2024-05-11 10:01:09,935 DEBUG o.s.w.s.m.m.a.HttpEntityMethodProcessor [http-nio-9181-exec-5] Written [org.ips.xml.signer.xmlsigner.exceptions.ErrorResponse@7808fa6d] as "application/json" using [org.springframework.http.converter.json.MappingJackson2HttpMessageConverter@56e07a08]
2024-05-11 10:01:09,935 DEBUG o.s.w.s.DispatcherServlet [http-nio-9181-exec-5] Null ModelAndView returned to DispatcherServlet with name 'dispatcherServlet': assuming HandlerAdapter completed request handling
2024-05-11 10:01:09,936 DEBUG o.s.w.s.DispatcherServlet [http-nio-9181-exec-5] Successfully completed request
2024-05-11 10:03:49,386 DEBUG o.s.w.c.s.StandardServletEnvironment [main] Adding [servletConfigInitParams] PropertySource with lowest search precedence
2024-05-11 10:03:49,388 DEBUG o.s.w.c.s.StandardServletEnvironment [main] Adding [servletContextInitParams] PropertySource with lowest search precedence
2024-05-11 10:03:49,388 DEBUG o.s.w.c.s.StandardServletEnvironment [main] Adding [systemProperties] PropertySource with lowest search precedence
2024-05-11 10:03:49,388 DEBUG o.s.w.c.s.StandardServletEnvironment [main] Adding [systemEnvironment] PropertySource with lowest search precedence
2024-05-11 10:03:49,388 DEBUG o.s.w.c.s.StandardServletEnvironment [main] Initialized StandardServletEnvironment with PropertySources [servletConfigInitParams,servletContextInitParams,systemProperties,systemEnvironment]
2024-05-11 10:03:54,823 DEBUG o.s.w.c.s.StandardServletEnvironment [main] Adding [applicationConfig: [classpath:/application-prod.properties]] PropertySource with search precedence immediately lower than [applicationConfigurationProperties]
2024-05-11 10:03:54,824 DEBUG o.s.w.c.s.StandardServletEnvironment [main] Adding [applicationConfig: [classpath:/application.properties]] PropertySource with search precedence immediately lower than [applicationConfig: [classpath:/application-prod.properties]]
2024-05-11 10:03:54,824 DEBUG o.s.w.c.s.StandardServletEnvironment [main] Removing [applicationConfigurationProperties] PropertySource
2024-05-11 10:03:54,824 DEBUG o.s.w.c.s.StandardServletEnvironment [main] Removing [defaultProperties] PropertySource
2024-05-11 10:03:55,899 DEBUG o.s.w.c.ContextLoader [localhost-startStop-1] Published root WebApplicationContext as ServletContext attribute with name [org.springframework.web.context.WebApplicationContext.ROOT]
2024-05-11 10:03:55,899 INFO o.s.w.c.ContextLoader [localhost-startStop-1] Root WebApplicationContext: initialization completed in 5511 ms
2024-05-11 10:03:56,052 DEBUG o.s.w.c.s.StandardServletEnvironment [localhost-startStop-1] Adding [servletConfigInitParams] PropertySource with lowest search precedence
2024-05-11 10:03:56,052 DEBUG o.s.w.c.s.StandardServletEnvironment [localhost-startStop-1] Adding [servletContextInitParams] PropertySource with lowest search precedence
2024-05-11 10:03:56,053 DEBUG o.s.w.c.s.StandardServletEnvironment [localhost-startStop-1] Adding [systemProperties] PropertySource with lowest search precedence
2024-05-11 10:03:56,053 DEBUG o.s.w.c.s.StandardServletEnvironment [localhost-startStop-1] Adding [systemEnvironment] PropertySource with lowest search precedence
2024-05-11 10:03:56,053 DEBUG o.s.w.c.s.StandardServletEnvironment [localhost-startStop-1] Initialized StandardServletEnvironment with PropertySources [servletConfigInitParams,servletContextInitParams,systemProperties,systemEnvironment]
2024-05-11 10:03:56,058 DEBUG o.s.w.c.s.StandardServletEnvironment [localhost-startStop-1] Adding [servletConfigInitParams] PropertySource with lowest search precedence
2024-05-11 10:03:56,058 DEBUG o.s.w.c.s.StandardServletEnvironment [localhost-startStop-1] Adding [servletContextInitParams] PropertySource with lowest search precedence
2024-05-11 10:03:56,059 DEBUG o.s.w.c.s.StandardServletEnvironment [localhost-startStop-1] Adding [systemProperties] PropertySource with lowest search precedence
2024-05-11 10:03:56,059 DEBUG o.s.w.c.s.StandardServletEnvironment [localhost-startStop-1] Adding [systemEnvironment] PropertySource with lowest search precedence
2024-05-11 10:03:56,059 DEBUG o.s.w.c.s.StandardServletEnvironment [localhost-startStop-1] Initialized StandardServletEnvironment with PropertySources [servletConfigInitParams,servletContextInitParams,systemProperties,systemEnvironment]
2024-05-11 10:03:56,077 DEBUG o.s.w.c.s.StandardServletEnvironment [localhost-startStop-1] Adding [servletConfigInitParams] PropertySource with lowest search precedence
2024-05-11 10:03:56,077 DEBUG o.s.w.c.s.StandardServletEnvironment [localhost-startStop-1] Adding [servletContextInitParams] PropertySource with lowest search precedence
2024-05-11 10:03:56,077 DEBUG o.s.w.c.s.StandardServletEnvironment [localhost-startStop-1] Adding [systemProperties] PropertySource with lowest search precedence
2024-05-11 10:03:56,078 DEBUG o.s.w.c.s.StandardServletEnvironment [localhost-startStop-1] Adding [systemEnvironment] PropertySource with lowest search precedence
2024-05-11 10:03:56,078 DEBUG o.s.w.c.s.StandardServletEnvironment [localhost-startStop-1] Initialized StandardServletEnvironment with PropertySources [servletConfigInitParams,servletContextInitParams,systemProperties,systemEnvironment]
2024-05-11 10:03:56,096 DEBUG o.s.w.c.s.StandardServletEnvironment [localhost-startStop-1] Adding [servletConfigInitParams] PropertySource with lowest search precedence
2024-05-11 10:03:56,096 DEBUG o.s.w.c.s.StandardServletEnvironment [localhost-startStop-1] Adding [servletContextInitParams] PropertySource with lowest search precedence
2024-05-11 10:03:56,096 DEBUG o.s.w.c.s.StandardServletEnvironment [localhost-startStop-1] Adding [systemProperties] PropertySource with lowest search precedence
2024-05-11 10:03:56,096 DEBUG o.s.w.c.s.StandardServletEnvironment [localhost-startStop-1] Adding [systemEnvironment] PropertySource with lowest search precedence
2024-05-11 10:03:56,096 DEBUG o.s.w.c.s.StandardServletEnvironment [localhost-startStop-1] Initialized StandardServletEnvironment with PropertySources [servletConfigInitParams,servletContextInitParams,systemProperties,systemEnvironment]
2024-05-11 10:03:56,107 DEBUG o.s.w.c.s.StandardServletEnvironment [localhost-startStop-1] Adding [servletConfigInitParams] PropertySource with lowest search precedence
2024-05-11 10:03:56,107 DEBUG o.s.w.c.s.StandardServletEnvironment [localhost-startStop-1] Adding [servletContextInitParams] PropertySource with lowest search precedence
2024-05-11 10:03:56,107 DEBUG o.s.w.c.s.StandardServletEnvironment [localhost-startStop-1] Adding [systemProperties] PropertySource with lowest search precedence
2024-05-11 10:03:56,107 DEBUG o.s.w.c.s.StandardServletEnvironment [localhost-startStop-1] Adding [systemEnvironment] PropertySource with lowest search precedence
2024-05-11 10:03:56,107 DEBUG o.s.w.c.s.StandardServletEnvironment [localhost-startStop-1] Initialized StandardServletEnvironment with PropertySources [servletConfigInitParams,servletContextInitParams,systemProperties,systemEnvironment]
2024-05-11 10:03:56,214 DEBUG o.s.w.c.s.StandardServletEnvironment [main] Replacing [servletContextInitParams] PropertySource with [servletContextInitParams]
2024-05-11 10:03:56,685 INFO o.s.w.s.m.m.a.RequestMappingHandlerAdapter [main] Looking for @ControllerAdvice: org.springframework.boot.context.embedded.AnnotationConfigEmbeddedWebApplicationContext@2fb0623e: startup date [Sat May 11 10:03:50 EAT 2024]; root of context hierarchy
2024-05-11 10:03:56,764 DEBUG o.s.w.s.m.m.a.RequestMappingHandlerMapping [main] Looking for request mappings in application context: org.springframework.boot.context.embedded.AnnotationConfigEmbeddedWebApplicationContext@2fb0623e: startup date [Sat May 11 10:03:50 EAT 2024]; root of context hierarchy
2024-05-11 10:03:56,777 DEBUG o.s.w.s.m.m.a.RequestMappingHandlerMapping [main] 3 request handler methods found on class org.ips.xml.signer.xmlsigner.controller.DigestController: {public java.lang.String org.ips.xml.signer.xmlsigner.controller.DigestController.handleXmlRequest(java.lang.String)={[/api/digest],methods=[POST],consumes=[application/xml],produces=[application/xml]}, public java.lang.String org.ips.xml.signer.xmlsigner.controller.DigestController.getJwt(java.lang.String)={[/api/jwt],methods=[POST]}, public java.lang.String org.ips.xml.signer.xmlsigner.controller.DigestController.verifyXml(java.lang.String)={[/api/verify],methods=[POST],consumes=[application/xml]}}
2024-05-11 10:03:56,778 INFO o.s.w.s.m.m.a.RequestMappingHandlerMapping [main] Mapped "{[/api/digest],methods=[POST],consumes=[application/xml],produces=[application/xml]}" onto public java.lang.String org.ips.xml.signer.xmlsigner.controller.DigestController.handleXmlRequest(java.lang.String)
2024-05-11 10:03:56,779 INFO o.s.w.s.m.m.a.RequestMappingHandlerMapping [main] Mapped "{[/api/jwt],methods=[POST]}" onto public java.lang.String org.ips.xml.signer.xmlsigner.controller.DigestController.getJwt(java.lang.String)
2024-05-11 10:03:56,779 INFO o.s.w.s.m.m.a.RequestMappingHandlerMapping [main] Mapped "{[/api/verify],methods=[POST],consumes=[application/xml]}" onto public java.lang.String org.ips.xml.signer.xmlsigner.controller.DigestController.verifyXml(java.lang.String)
2024-05-11 10:03:56,780 DEBUG o.s.w.s.m.m.a.RequestMappingHandlerMapping [main] 2 request handler methods found on class org.springframework.boot.autoconfigure.web.BasicErrorController: {public org.springframework.http.ResponseEntity org.springframework.boot.autoconfigure.web.BasicErrorController.error(javax.servlet.http.HttpServletRequest)={[/error]}, public org.springframework.web.servlet.ModelAndView org.springframework.boot.autoconfigure.web.BasicErrorController.errorHtml(javax.servlet.http.HttpServletRequest,javax.servlet.http.HttpServletResponse)={[/error],produces=[text/html]}}
2024-05-11 10:03:56,780 INFO o.s.w.s.m.m.a.RequestMappingHandlerMapping [main] Mapped "{[/error]}" onto public org.springframework.http.ResponseEntity<java.util.Map<java.lang.String, java.lang.Object>> org.springframework.boot.autoconfigure.web.BasicErrorController.error(javax.servlet.http.HttpServletRequest)
2024-05-11 10:03:56,780 INFO o.s.w.s.m.m.a.RequestMappingHandlerMapping [main] Mapped "{[/error],produces=[text/html]}" onto public org.springframework.web.servlet.ModelAndView org.springframework.boot.autoconfigure.web.BasicErrorController.errorHtml(javax.servlet.http.HttpServletRequest,javax.servlet.http.HttpServletResponse)
2024-05-11 10:03:56,795 DEBUG o.s.w.s.h.BeanNameUrlHandlerMapping [main] Looking for URL mappings in application context: org.springframework.boot.context.embedded.AnnotationConfigEmbeddedWebApplicationContext@2fb0623e: startup date [Sat May 11 10:03:50 EAT 2024]; root of context hierarchy
2024-05-11 10:03:56,795 DEBUG o.s.w.s.h.BeanNameUrlHandlerMapping [main] Rejected bean name 'org.springframework.context.annotation.internalConfigurationAnnotationProcessor': no URL paths identified
2024-05-11 10:03:56,795 DEBUG o.s.w.s.h.BeanNameUrlHandlerMapping [main] Rejected bean name 'org.springframework.context.annotation.internalAutowiredAnnotationProcessor': no URL paths identified
2024-05-11 10:03:56,795 DEBUG o.s.w.s.h.BeanNameUrlHandlerMapping [main] Rejected bean name 'org.springframework.context.annotation.internalRequiredAnnotationProcessor': no URL paths identified
2024-05-11 10:03:56,795 DEBUG o.s.w.s.h.BeanNameUrlHandlerMapping [main] Rejected bean name 'org.springframework.context.annotation.internalCommonAnnotationProcessor': no URL paths identified
2024-05-11 10:03:56,795 DEBUG o.s.w.s.h.BeanNameUrlHandlerMapping [main] Rejected bean name 'org.springframework.context.event.internalEventListenerProcessor': no URL paths identified
2024-05-11 10:03:56,795 DEBUG o.s.w.s.h.BeanNameUrlHandlerMapping [main] Rejected bean name 'org.springframework.context.event.internalEventListenerFactory': no URL paths identified
2024-05-11 10:03:56,795 DEBUG o.s.w.s.h.BeanNameUrlHandlerMapping [main] Rejected bean name 'xmlSignerApplication': no URL paths identified
2024-05-11 10:03:56,795 DEBUG o.s.w.s.h.BeanNameUrlHandlerMapping [main] Rejected bean name 'org.springframework.boot.autoconfigure.internalCachingMetadataReaderFactory': no URL paths identified
2024-05-11 10:03:56,795 DEBUG o.s.w.s.h.BeanNameUrlHandlerMapping [main] Rejected bean name 'digestController': no URL paths identified
2024-05-11 10:03:56,795 DEBUG o.s.w.s.h.BeanNameUrlHandlerMapping [main] Rejected bean name 'certeficateAndKeysUtility': no URL paths identified
2024-05-11 10:03:56,795 DEBUG o.s.w.s.h.BeanNameUrlHandlerMapping [main] Rejected bean name 'globalExceptionHandler': no URL paths identified
2024-05-11 10:03:56,795 DEBUG o.s.w.s.h.BeanNameUrlHandlerMapping [main] Rejected bean name 'restResponse': no URL paths identified
2024-05-11 10:03:56,795 DEBUG o.s.w.s.h.BeanNameUrlHandlerMapping [main] Rejected bean name 'certeficatClientService': no URL paths identified
2024-05-11 10:03:56,795 DEBUG o.s.w.s.h.BeanNameUrlHandlerMapping [main] Rejected bean name 'digestServiceImpl': no URL paths identified
2024-05-11 10:03:56,795 DEBUG o.s.w.s.h.BeanNameUrlHandlerMapping [main] Rejected bean name 'XMLDigestVerifierImpl': no URL paths identified
2024-05-11 10:03:56,795 DEBUG o.s.w.s.h.BeanNameUrlHandlerMapping [main] Rejected bean name 'jwtSigningUtils': no URL paths identified
2024-05-11 10:03:56,795 DEBUG o.s.w.s.h.BeanNameUrlHandlerMapping [main] Rejected bean name 'XMLFileUtility': no URL paths identified
2024-05-11 10:03:56,796 DEBUG o.s.w.s.h.BeanNameUrlHandlerMapping [main] Rejected bean name 'xmlSignUtil': no URL paths identified
2024-05-11 10:03:56,796 DEBUG o.s.w.s.h.BeanNameUrlHandlerMapping [main] Rejected bean name 'org.springframework.boot.web.support.SpringBootServletInitializer$ErrorPageFilterConfiguration': no URL paths identified
2024-05-11 10:03:56,796 DEBUG o.s.w.s.h.BeanNameUrlHandlerMapping [main] Rejected bean name 'errorPageFilter': no URL paths identified
2024-05-11 10:03:56,796 DEBUG o.s.w.s.h.BeanNameUrlHandlerMapping [main] Rejected bean name 'org.springframework.boot.autoconfigure.AutoConfigurationPackages': no URL paths identified
2024-05-11 10:03:56,796 DEBUG o.s.w.s.h.BeanNameUrlHandlerMapping [main] Rejected bean name 'org.springframework.boot.autoconfigure.context.PropertyPlaceholderAutoConfiguration': no URL paths identified
2024-05-11 10:03:56,796 DEBUG o.s.w.s.h.BeanNameUrlHandlerMapping [main] Rejected bean name 'org.springframework.boot.autoconfigure.condition.BeanTypeRegistry': no URL paths identified
2024-05-11 10:03:56,796 DEBUG o.s.w.s.h.BeanNameUrlHandlerMapping [main] Rejected bean name 'propertySourcesPlaceholderConfigurer': no URL paths identified
2024-05-11 10:03:56,796 DEBUG o.s.w.s.h.BeanNameUrlHandlerMapping [main] Rejected bean name 'org.springframework.boot.autoconfigure.jackson.JacksonAutoConfiguration$Jackson2ObjectMapperBuilderCustomizerConfiguration': no URL paths identified
2024-05-11 10:03:56,796 DEBUG o.s.w.s.h.BeanNameUrlHandlerMapping [main] Rejected bean name 'standardJacksonObjectMapperBuilderCustomizer': no URL paths identified
2024-05-11 10:03:56,796 DEBUG o.s.w.s.h.BeanNameUrlHandlerMapping [main] Rejected bean name 'spring.jackson-org.springframework.boot.autoconfigure.jackson.JacksonProperties': no URL paths identified
2024-05-11 10:03:56,796 DEBUG o.s.w.s.h.BeanNameUrlHandlerMapping [main] Rejected bean name 'org.springframework.boot.context.properties.ConfigurationPropertiesBindingPostProcessor': no URL paths identified
2024-05-11 10:03:56,796 DEBUG o.s.w.s.h.BeanNameUrlHandlerMapping [main] Rejected bean name 'org.springframework.boot.context.properties.ConfigurationPropertiesBindingPostProcessor.store': no URL paths identified
2024-05-11 10:03:56,796 DEBUG o.s.w.s.h.BeanNameUrlHandlerMapping [main] Rejected bean name 'org.springframework.boot.autoconfigure.jackson.JacksonAutoConfiguration$JacksonObjectMapperBuilderConfiguration': no URL paths identified
2024-05-11 10:03:56,796 DEBUG o.s.w.s.h.BeanNameUrlHandlerMapping [main] Rejected bean name 'jacksonObjectMapperBuilder': no URL paths identified
2024-05-11 10:03:56,796 DEBUG o.s.w.s.h.BeanNameUrlHandlerMapping [main] Rejected bean name 'org.springframework.boot.autoconfigure.jackson.JacksonAutoConfiguration$JacksonObjectMapperConfiguration': no URL paths identified
2024-05-11 10:03:56,796 DEBUG o.s.w.s.h.BeanNameUrlHandlerMapping [main] Rejected bean name 'jacksonObjectMapper': no URL paths identified
2024-05-11 10:03:56,796 DEBUG o.s.w.s.h.BeanNameUrlHandlerMapping [main] Rejected bean name 'org.springframework.boot.autoconfigure.jackson.JacksonAutoConfiguration': no URL paths identified
2024-05-11 10:03:56,796 DEBUG o.s.w.s.h.BeanNameUrlHandlerMapping [main] Rejected bean name 'jsonComponentModule': no URL paths identified
2024-05-11 10:03:56,796 DEBUG o.s.w.s.h.BeanNameUrlHandlerMapping [main] Rejected bean name 'org.springframework.boot.autoconfigure.websocket.WebSocketAutoConfiguration$TomcatWebSocketConfiguration': no URL paths identified
2024-05-11 10:03:56,796 DEBUG o.s.w.s.h.BeanNameUrlHandlerMapping [main] Rejected bean name 'websocketContainerCustomizer': no URL paths identified
2024-05-11 10:03:56,796 DEBUG o.s.w.s.h.BeanNameUrlHandlerMapping [main] Rejected bean name 'org.springframework.boot.autoconfigure.websocket.WebSocketAutoConfiguration': no URL paths identified
2024-05-11 10:03:56,796 DEBUG o.s.w.s.h.BeanNameUrlHandlerMapping [main] Rejected bean name 'org.springframework.boot.autoconfigure.web.EmbeddedServletContainerAutoConfiguration$EmbeddedTomcat': no URL paths identified
2024-05-11 10:03:56,796 DEBUG o.s.w.s.h.BeanNameUrlHandlerMapping [main] Rejected bean name 'tomcatEmbeddedServletContainerFactory': no URL paths identified
2024-05-11 10:03:56,796 DEBUG o.s.w.s.h.BeanNameUrlHandlerMapping [main] Rejected bean name 'org.springframework.boot.autoconfigure.web.EmbeddedServletContainerAutoConfiguration': no URL paths identified
2024-05-11 10:03:56,796 DEBUG o.s.w.s.h.BeanNameUrlHandlerMapping [main] Rejected bean name 'embeddedServletContainerCustomizerBeanPostProcessor': no URL paths identified
2024-05-11 10:03:56,796 DEBUG o.s.w.s.h.BeanNameUrlHandlerMapping [main] Rejected bean name 'errorPageRegistrarBeanPostProcessor': no URL paths identified
2024-05-11 10:03:56,796 DEBUG o.s.w.s.h.BeanNameUrlHandlerMapping [main] Rejected bean name 'org.springframework.boot.autoconfigure.web.DispatcherServletAutoConfiguration$DispatcherServletConfiguration': no URL paths identified
2024-05-11 10:03:56,796 DEBUG o.s.w.s.h.BeanNameUrlHandlerMapping [main] Rejected bean name 'dispatcherServlet': no URL paths identified
2024-05-11 10:03:56,796 DEBUG o.s.w.s.h.BeanNameUrlHandlerMapping [main] Rejected bean name 'spring.mvc-org.springframework.boot.autoconfigure.web.WebMvcProperties': no URL paths identified
2024-05-11 10:03:56,796 DEBUG o.s.w.s.h.BeanNameUrlHandlerMapping [main] Rejected bean name 'org.springframework.boot.autoconfigure.web.DispatcherServletAutoConfiguration$DispatcherServletRegistrationConfiguration': no URL paths identified
2024-05-11 10:03:56,796 DEBUG o.s.w.s.h.BeanNameUrlHandlerMapping [main] Rejected bean name 'dispatcherServletRegistration': no URL paths identified
2024-05-11 10:03:56,796 DEBUG o.s.w.s.h.BeanNameUrlHandlerMapping [main] Rejected bean name 'org.springframework.boot.autoconfigure.web.DispatcherServletAutoConfiguration': no URL paths identified
2024-05-11 10:03:56,796 DEBUG o.s.w.s.h.BeanNameUrlHandlerMapping [main] Rejected bean name 'org.springframework.boot.autoconfigure.web.ErrorMvcAutoConfiguration$WhitelabelErrorViewConfiguration': no URL paths identified
2024-05-11 10:03:56,796 DEBUG o.s.w.s.h.BeanNameUrlHandlerMapping [main] Rejected bean name 'error': no URL paths identified
2024-05-11 10:03:56,796 DEBUG o.s.w.s.h.BeanNameUrlHandlerMapping [main] Rejected bean name 'beanNameViewResolver': no URL paths identified
2024-05-11 10:03:56,796 DEBUG o.s.w.s.h.BeanNameUrlHandlerMapping [main] Rejected bean name 'org.springframework.boot.autoconfigure.web.ErrorMvcAutoConfiguration$DefaultErrorViewResolverConfiguration': no URL paths identified
2024-05-11 10:03:56,796 DEBUG o.s.w.s.h.BeanNameUrlHandlerMapping [main] Rejected bean name 'conventionErrorViewResolver': no URL paths identified
2024-05-11 10:03:56,796 DEBUG o.s.w.s.h.BeanNameUrlHandlerMapping [main] Rejected bean name 'org.springframework.boot.autoconfigure.web.ErrorMvcAutoConfiguration': no URL paths identified
2024-05-11 10:03:56,796 DEBUG o.s.w.s.h.BeanNameUrlHandlerMapping [main] Rejected bean name 'errorAttributes': no URL paths identified
2024-05-11 10:03:56,797 DEBUG o.s.w.s.h.BeanNameUrlHandlerMapping [main] Rejected bean name 'basicErrorController': no URL paths identified
2024-05-11 10:03:56,797 DEBUG o.s.w.s.h.BeanNameUrlHandlerMapping [main] Rejected bean name 'errorPageCustomizer': no URL paths identified
2024-05-11 10:03:56,797 DEBUG o.s.w.s.h.BeanNameUrlHandlerMapping [main] Rejected bean name 'preserveErrorControllerTargetClassPostProcessor': no URL paths identified
2024-05-11 10:03:56,797 DEBUG o.s.w.s.h.BeanNameUrlHandlerMapping [main] Rejected bean name 'spring.resources-org.springframework.boot.autoconfigure.web.ResourceProperties': no URL paths identified
2024-05-11 10:03:56,797 DEBUG o.s.w.s.h.BeanNameUrlHandlerMapping [main] Rejected bean name 'org.springframework.boot.autoconfigure.web.WebMvcAutoConfiguration$EnableWebMvcConfiguration': no URL paths identified
2024-05-11 10:03:56,797 DEBUG o.s.w.s.h.BeanNameUrlHandlerMapping [main] Rejected bean name 'requestMappingHandlerAdapter': no URL paths identified
2024-05-11 10:03:56,797 DEBUG o.s.w.s.h.BeanNameUrlHandlerMapping [main] Rejected bean name 'requestMappingHandlerMapping': no URL paths identified
2024-05-11 10:03:56,797 DEBUG o.s.w.s.h.BeanNameUrlHandlerMapping [main] Rejected bean name 'mvcPathMatcher': no URL paths identified
2024-05-11 10:03:56,797 DEBUG o.s.w.s.h.BeanNameUrlHandlerMapping [main] Rejected bean name 'mvcUrlPathHelper': no URL paths identified
2024-05-11 10:03:56,797 DEBUG o.s.w.s.h.BeanNameUrlHandlerMapping [main] Rejected bean name 'mvcContentNegotiationManager': no URL paths identified
2024-05-11 10:03:56,797 DEBUG o.s.w.s.h.BeanNameUrlHandlerMapping [main] Rejected bean name 'viewControllerHandlerMapping': no URL paths identified
2024-05-11 10:03:56,797 DEBUG o.s.w.s.h.BeanNameUrlHandlerMapping [main] Rejected bean name 'beanNameHandlerMapping': no URL paths identified
2024-05-11 10:03:56,797 DEBUG o.s.w.s.h.BeanNameUrlHandlerMapping [main] Rejected bean name 'resourceHandlerMapping': no URL paths identified
2024-05-11 10:03:56,797 DEBUG o.s.w.s.h.BeanNameUrlHandlerMapping [main] Rejected bean name 'mvcResourceUrlProvider': no URL paths identified
2024-05-11 10:03:56,797 DEBUG o.s.w.s.h.BeanNameUrlHandlerMapping [main] Rejected bean name 'defaultServletHandlerMapping': no URL paths identified
2024-05-11 10:03:56,797 DEBUG o.s.w.s.h.BeanNameUrlHandlerMapping [main] Rejected bean name 'mvcConversionService': no URL paths identified
2024-05-11 10:03:56,797 DEBUG o.s.w.s.h.BeanNameUrlHandlerMapping [main] Rejected bean name 'mvcValidator': no URL paths identified
2024-05-11 10:03:56,797 DEBUG o.s.w.s.h.BeanNameUrlHandlerMapping [main] Rejected bean name 'mvcUriComponentsContributor': no URL paths identified
2024-05-11 10:03:56,797 DEBUG o.s.w.s.h.BeanNameUrlHandlerMapping [main] Rejected bean name 'httpRequestHandlerAdapter': no URL paths identified
2024-05-11 10:03:56,797 DEBUG o.s.w.s.h.BeanNameUrlHandlerMapping [main] Rejected bean name 'simpleControllerHandlerAdapter': no URL paths identified
2024-05-11 10:03:56,797 DEBUG o.s.w.s.h.BeanNameUrlHandlerMapping [main] Rejected bean name 'handlerExceptionResolver': no URL paths identified
2024-05-11 10:03:56,797 DEBUG o.s.w.s.h.BeanNameUrlHandlerMapping [main] Rejected bean name 'mvcViewResolver': no URL paths identified
2024-05-11 10:03:56,797 DEBUG o.s.w.s.h.BeanNameUrlHandlerMapping [main] Rejected bean name 'org.springframework.boot.autoconfigure.web.WebMvcAutoConfiguration$WebMvcAutoConfigurationAdapter$FaviconConfiguration': no URL paths identified
2024-05-11 10:03:56,797 DEBUG o.s.w.s.h.BeanNameUrlHandlerMapping [main] Rejected bean name 'faviconHandlerMapping': no URL paths identified
2024-05-11 10:03:56,797 DEBUG o.s.w.s.h.BeanNameUrlHandlerMapping [main] Rejected bean name 'faviconRequestHandler': no URL paths identified
2024-05-11 10:03:56,797 DEBUG o.s.w.s.h.BeanNameUrlHandlerMapping [main] Rejected bean name 'org.springframework.boot.autoconfigure.web.WebMvcAutoConfiguration$WebMvcAutoConfigurationAdapter': no URL paths identified
2024-05-11 10:03:56,798 DEBUG o.s.w.s.h.BeanNameUrlHandlerMapping [main] Rejected bean name 'defaultViewResolver': no URL paths identified
2024-05-11 10:03:56,798 DEBUG o.s.w.s.h.BeanNameUrlHandlerMapping [main] Rejected bean name 'viewResolver': no URL paths identified
2024-05-11 10:03:56,798 DEBUG o.s.w.s.h.BeanNameUrlHandlerMapping [main] Rejected bean name 'welcomePageHandlerMapping': no URL paths identified
2024-05-11 10:03:56,798 DEBUG o.s.w.s.h.BeanNameUrlHandlerMapping [main] Rejected bean name 'requestContextFilter': no URL paths identified
2024-05-11 10:03:56,798 DEBUG o.s.w.s.h.BeanNameUrlHandlerMapping [main] Rejected bean name 'org.springframework.boot.autoconfigure.web.WebMvcAutoConfiguration': no URL paths identified
2024-05-11 10:03:56,798 DEBUG o.s.w.s.h.BeanNameUrlHandlerMapping [main] Rejected bean name 'hiddenHttpMethodFilter': no URL paths identified
2024-05-11 10:03:56,798 DEBUG o.s.w.s.h.BeanNameUrlHandlerMapping [main] Rejected bean name 'httpPutFormContentFilter': no URL paths identified
2024-05-11 10:03:56,798 DEBUG o.s.w.s.h.BeanNameUrlHandlerMapping [main] Rejected bean name 'org.springframework.boot.autoconfigure.jmx.JmxAutoConfiguration': no URL paths identified
2024-05-11 10:03:56,798 DEBUG o.s.w.s.h.BeanNameUrlHandlerMapping [main] Rejected bean name 'mbeanExporter': no URL paths identified
2024-05-11 10:03:56,798 DEBUG o.s.w.s.h.BeanNameUrlHandlerMapping [main] Rejected bean name 'objectNamingStrategy': no URL paths identified
2024-05-11 10:03:56,798 DEBUG o.s.w.s.h.BeanNameUrlHandlerMapping [main] Rejected bean name 'mbeanServer': no URL paths identified
2024-05-11 10:03:56,798 DEBUG o.s.w.s.h.BeanNameUrlHandlerMapping [main] Rejected bean name 'org.springframework.boot.autoconfigure.context.ConfigurationPropertiesAutoConfiguration': no URL paths identified
2024-05-11 10:03:56,798 DEBUG o.s.w.s.h.BeanNameUrlHandlerMapping [main] Rejected bean name 'org.springframework.boot.autoconfigure.validation.ValidationAutoConfiguration': no URL paths identified
2024-05-11 10:03:56,798 DEBUG o.s.w.s.h.BeanNameUrlHandlerMapping [main] Rejected bean name 'validator': no URL paths identified
2024-05-11 10:03:56,798 DEBUG o.s.w.s.h.BeanNameUrlHandlerMapping [main] Rejected bean name 'methodValidationPostProcessor': no URL paths identified
2024-05-11 10:03:56,798 DEBUG o.s.w.s.h.BeanNameUrlHandlerMapping [main] Rejected bean name 'org.springframework.boot.autoconfigure.web.HttpMessageConvertersAutoConfiguration$StringHttpMessageConverterConfiguration': no URL paths identified
2024-05-11 10:03:56,798 DEBUG o.s.w.s.h.BeanNameUrlHandlerMapping [main] Rejected bean name 'stringHttpMessageConverter': no URL paths identified
2024-05-11 10:03:56,798 DEBUG o.s.w.s.h.BeanNameUrlHandlerMapping [main] Rejected bean name 'spring.http.encoding-org.springframework.boot.autoconfigure.web.HttpEncodingProperties': no URL paths identified
2024-05-11 10:03:56,798 DEBUG o.s.w.s.h.BeanNameUrlHandlerMapping [main] Rejected bean name 'org.springframework.boot.autoconfigure.web.JacksonHttpMessageConvertersConfiguration$MappingJackson2HttpMessageConverterConfiguration': no URL paths identified
2024-05-11 10:03:56,798 DEBUG o.s.w.s.h.BeanNameUrlHandlerMapping [main] Rejected bean name 'mappingJackson2HttpMessageConverter': no URL paths identified
2024-05-11 10:03:56,798 DEBUG o.s.w.s.h.BeanNameUrlHandlerMapping [main] Rejected bean name 'org.springframework.boot.autoconfigure.web.JacksonHttpMessageConvertersConfiguration': no URL paths identified
2024-05-11 10:03:56,798 DEBUG o.s.w.s.h.BeanNameUrlHandlerMapping [main] Rejected bean name 'org.springframework.boot.autoconfigure.web.HttpMessageConvertersAutoConfiguration': no URL paths identified
2024-05-11 10:03:56,798 DEBUG o.s.w.s.h.BeanNameUrlHandlerMapping [main] Rejected bean name 'messageConverters': no URL paths identified
2024-05-11 10:03:56,798 DEBUG o.s.w.s.h.BeanNameUrlHandlerMapping [main] Rejected bean name 'org.springframework.boot.autoconfigure.info.ProjectInfoAutoConfiguration': no URL paths identified
2024-05-11 10:03:56,798 DEBUG o.s.w.s.h.BeanNameUrlHandlerMapping [main] Rejected bean name 'spring.info-org.springframework.boot.autoconfigure.info.ProjectInfoProperties': no URL paths identified
2024-05-11 10:03:56,798 DEBUG o.s.w.s.h.BeanNameUrlHandlerMapping [main] Rejected bean name 'org.springframework.boot.autoconfigure.web.HttpEncodingAutoConfiguration': no URL paths identified
2024-05-11 10:03:56,798 DEBUG o.s.w.s.h.BeanNameUrlHandlerMapping [main] Rejected bean name 'characterEncodingFilter': no URL paths identified
2024-05-11 10:03:56,798 DEBUG o.s.w.s.h.BeanNameUrlHandlerMapping [main] Rejected bean name 'localeCharsetMappingsCustomizer': no URL paths identified
2024-05-11 10:03:56,798 DEBUG o.s.w.s.h.BeanNameUrlHandlerMapping [main] Rejected bean name 'org.springframework.boot.autoconfigure.web.MultipartAutoConfiguration': no URL paths identified
2024-05-11 10:03:56,798 DEBUG o.s.w.s.h.BeanNameUrlHandlerMapping [main] Rejected bean name 'multipartConfigElement': no URL paths identified
2024-05-11 10:03:56,798 DEBUG o.s.w.s.h.BeanNameUrlHandlerMapping [main] Rejected bean name 'multipartResolver': no URL paths identified
2024-05-11 10:03:56,798 DEBUG o.s.w.s.h.BeanNameUrlHandlerMapping [main] Rejected bean name 'spring.http.multipart-org.springframework.boot.autoconfigure.web.MultipartProperties': no URL paths identified
2024-05-11 10:03:56,798 DEBUG o.s.w.s.h.BeanNameUrlHandlerMapping [main] Rejected bean name 'org.springframework.boot.autoconfigure.web.ServerPropertiesAutoConfiguration': no URL paths identified
2024-05-11 10:03:56,798 DEBUG o.s.w.s.h.BeanNameUrlHandlerMapping [main] Rejected bean name 'serverProperties': no URL paths identified
2024-05-11 10:03:56,798 DEBUG o.s.w.s.h.BeanNameUrlHandlerMapping [main] Rejected bean name 'duplicateServerPropertiesDetector': no URL paths identified
2024-05-11 10:03:56,798 DEBUG o.s.w.s.h.BeanNameUrlHandlerMapping [main] Rejected bean name 'org.springframework.boot.autoconfigure.web.WebClientAutoConfiguration$RestTemplateConfiguration': no URL paths identified
2024-05-11 10:03:56,798 DEBUG o.s.w.s.h.BeanNameUrlHandlerMapping [main] Rejected bean name 'restTemplateBuilder': no URL paths identified
2024-05-11 10:03:56,798 DEBUG o.s.w.s.h.BeanNameUrlHandlerMapping [main] Rejected bean name 'org.springframework.boot.autoconfigure.web.WebClientAutoConfiguration': no URL paths identified
2024-05-11 10:03:56,798 DEBUG o.s.w.s.h.BeanNameUrlHandlerMapping [main] Rejected bean name 'autoConfigurationReport': no URL paths identified
2024-05-11 10:03:56,798 DEBUG o.s.w.s.h.BeanNameUrlHandlerMapping [main] Rejected bean name 'springApplicationArguments': no URL paths identified
2024-05-11 10:03:56,798 DEBUG o.s.w.s.h.BeanNameUrlHandlerMapping [main] Rejected bean name 'springBootBanner': no URL paths identified
2024-05-11 10:03:56,798 DEBUG o.s.w.s.h.BeanNameUrlHandlerMapping [main] Rejected bean name 'springBootLoggingSystem': no URL paths identified
2024-05-11 10:03:56,798 DEBUG o.s.w.s.h.BeanNameUrlHandlerMapping [main] Rejected bean name 'environment': no URL paths identified
2024-05-11 10:03:56,798 DEBUG o.s.w.s.h.BeanNameUrlHandlerMapping [main] Rejected bean name 'systemProperties': no URL paths identified
2024-05-11 10:03:56,798 DEBUG o.s.w.s.h.BeanNameUrlHandlerMapping [main] Rejected bean name 'systemEnvironment': no URL paths identified
2024-05-11 10:03:56,798 DEBUG o.s.w.s.h.BeanNameUrlHandlerMapping [main] Rejected bean name 'org.springframework.context.annotation.ConfigurationClassPostProcessor.importRegistry': no URL paths identified
2024-05-11 10:03:56,798 DEBUG o.s.w.s.h.BeanNameUrlHandlerMapping [main] Rejected bean name 'messageSource': no URL paths identified
2024-05-11 10:03:56,798 DEBUG o.s.w.s.h.BeanNameUrlHandlerMapping [main] Rejected bean name 'applicationEventMulticaster': no URL paths identified
2024-05-11 10:03:56,798 DEBUG o.s.w.s.h.BeanNameUrlHandlerMapping [main] Rejected bean name 'servletContext': no URL paths identified
2024-05-11 10:03:56,799 DEBUG o.s.w.s.h.BeanNameUrlHandlerMapping [main] Rejected bean name 'contextParameters': no URL paths identified
2024-05-11 10:03:56,799 DEBUG o.s.w.s.h.BeanNameUrlHandlerMapping [main] Rejected bean name 'contextAttributes': no URL paths identified
2024-05-11 10:03:56,806 INFO o.s.w.s.h.SimpleUrlHandlerMapping [main] Mapped URL path [/webjars/**] onto handler of type [class org.springframework.web.servlet.resource.ResourceHttpRequestHandler]
2024-05-11 10:03:56,806 INFO o.s.w.s.h.SimpleUrlHandlerMapping [main] Mapped URL path [/**] onto handler of type [class org.springframework.web.servlet.resource.ResourceHttpRequestHandler]
2024-05-11 10:03:56,819 DEBUG o.s.w.s.m.m.a.ExceptionHandlerExceptionResolver [main] Looking for exception mappings: org.springframework.boot.context.embedded.AnnotationConfigEmbeddedWebApplicationContext@2fb0623e: startup date [Sat May 11 10:03:50 EAT 2024]; root of context hierarchy
2024-05-11 10:03:56,822 INFO o.s.w.s.m.m.a.ExceptionHandlerExceptionResolver [main] Detected @ExceptionHandler methods in globalExceptionHandler
2024-05-11 10:03:56,865 INFO o.s.w.s.h.SimpleUrlHandlerMapping [main] Mapped URL path [/**/favicon.ico] onto handler of type [class org.springframework.web.servlet.resource.ResourceHttpRequestHandler]
2024-05-11 10:03:57,111 DEBUG o.s.w.s.r.ResourceUrlProvider [main] Looking for resource handler mappings
2024-05-11 10:03:57,113 DEBUG o.s.w.s.r.ResourceUrlProvider [main] Found resource handler mapping: URL pattern="/**/favicon.ico", locations=[ServletContext resource [/], class path resource [META-INF/resources/], class path resource [resources/], class path resource [static/], class path resource [public/], class path resource []], resolvers=[org.springframework.web.servlet.resource.PathResourceResolver@77eb5790]
2024-05-11 10:03:57,113 DEBUG o.s.w.s.r.ResourceUrlProvider [main] Found resource handler mapping: URL pattern="/webjars/**", locations=[class path resource [META-INF/resources/webjars/]], resolvers=[org.springframework.web.servlet.resource.PathResourceResolver@68e7c8c3]
2024-05-11 10:03:57,113 DEBUG o.s.w.s.r.ResourceUrlProvider [main] Found resource handler mapping: URL pattern="/**", locations=[ServletContext resource [/], class path resource [META-INF/resources/], class path resource [resources/], class path resource [static/], class path resource [public/]], resolvers=[org.springframework.web.servlet.resource.PathResourceResolver@319c3a25]
2024-05-11 10:03:57,273 DEBUG o.s.w.c.s.StandardServletEnvironment [main] Adding [server.ports] PropertySource with highest search precedence
2024-05-11 10:04:43,687 DEBUG o.s.w.s.DispatcherServlet [http-nio-9181-exec-1] Initializing servlet 'dispatcherServlet'
2024-05-11 10:04:43,688 INFO o.s.w.s.DispatcherServlet [http-nio-9181-exec-1] FrameworkServlet 'dispatcherServlet': initialization started
2024-05-11 10:04:43,688 DEBUG o.s.w.s.DispatcherServlet [http-nio-9181-exec-1] Using MultipartResolver [org.springframework.web.multipart.support.StandardServletMultipartResolver@756d3d6f]
2024-05-11 10:04:43,702 DEBUG o.s.w.s.DispatcherServlet [http-nio-9181-exec-1] Unable to locate LocaleResolver with name 'localeResolver': using default [org.springframework.web.servlet.i18n.AcceptHeaderLocaleResolver@5519dc39]
2024-05-11 10:04:43,713 DEBUG o.s.w.s.DispatcherServlet [http-nio-9181-exec-1] Unable to locate ThemeResolver with name 'themeResolver': using default [org.springframework.web.servlet.theme.FixedThemeResolver@78f6bdfc]
2024-05-11 10:04:43,720 DEBUG o.s.w.s.DispatcherServlet [http-nio-9181-exec-1] Unable to locate RequestToViewNameTranslator with name 'viewNameTranslator': using default [org.springframework.web.servlet.view.DefaultRequestToViewNameTranslator@2010d0d4]
2024-05-11 10:04:43,727 DEBUG o.s.w.s.DispatcherServlet [http-nio-9181-exec-1] Unable to locate FlashMapManager with name 'flashMapManager': using default [org.springframework.web.servlet.support.SessionFlashMapManager@17cd5ecc]
2024-05-11 10:04:43,728 DEBUG o.s.w.s.DispatcherServlet [http-nio-9181-exec-1] Published WebApplicationContext of servlet 'dispatcherServlet' as ServletContext attribute with name [org.springframework.web.servlet.FrameworkServlet.CONTEXT.dispatcherServlet]
2024-05-11 10:04:43,728 INFO o.s.w.s.DispatcherServlet [http-nio-9181-exec-1] FrameworkServlet 'dispatcherServlet': initialization completed in 40 ms
2024-05-11 10:04:43,728 DEBUG o.s.w.s.DispatcherServlet [http-nio-9181-exec-1] Servlet 'dispatcherServlet' configured successfully
2024-05-11 10:04:43,760 DEBUG o.s.w.s.DispatcherServlet [http-nio-9181-exec-1] DispatcherServlet with name 'dispatcherServlet' processing POST request for [/api/jwt]
2024-05-11 10:04:43,763 DEBUG o.s.w.s.m.m.a.RequestMappingHandlerMapping [http-nio-9181-exec-1] Looking up handler method for path /api/jwt
2024-05-11 10:04:43,765 DEBUG o.s.w.s.m.m.a.RequestMappingHandlerMapping [http-nio-9181-exec-1] Returning handler method [public java.lang.String org.ips.xml.signer.xmlsigner.controller.DigestController.getJwt(java.lang.String)]
2024-05-11 10:04:43,816 DEBUG o.s.w.s.m.m.a.RequestResponseBodyMethodProcessor [http-nio-9181-exec-1] Read [class java.lang.String] as "application/xml;charset=UTF-8" with [org.springframework.http.converter.StringHttpMessageConverter@65eabaab]
2024-05-11 10:17:39,976 DEBUG o.s.w.c.s.StandardServletEnvironment [main] Adding [servletConfigInitParams] PropertySource with lowest search precedence
2024-05-11 10:17:40,009 DEBUG o.s.w.c.s.StandardServletEnvironment [main] Adding [servletContextInitParams] PropertySource with lowest search precedence
2024-05-11 10:17:40,009 DEBUG o.s.w.c.s.StandardServletEnvironment [main] Adding [systemProperties] PropertySource with lowest search precedence
2024-05-11 10:17:40,009 DEBUG o.s.w.c.s.StandardServletEnvironment [main] Adding [systemEnvironment] PropertySource with lowest search precedence
2024-05-11 10:17:40,010 DEBUG o.s.w.c.s.StandardServletEnvironment [main] Initialized StandardServletEnvironment with PropertySources [servletConfigInitParams,servletContextInitParams,systemProperties,systemEnvironment]
2024-05-11 10:17:45,174 DEBUG o.s.w.c.s.StandardServletEnvironment [main] Adding [applicationConfig: [classpath:/application-prod.properties]] PropertySource with search precedence immediately lower than [applicationConfigurationProperties]
2024-05-11 10:17:45,175 DEBUG o.s.w.c.s.StandardServletEnvironment [main] Adding [applicationConfig: [classpath:/application.properties]] PropertySource with search precedence immediately lower than [applicationConfig: [classpath:/application-prod.properties]]
2024-05-11 10:17:45,175 DEBUG o.s.w.c.s.StandardServletEnvironment [main] Removing [applicationConfigurationProperties] PropertySource
2024-05-11 10:17:45,175 DEBUG o.s.w.c.s.StandardServletEnvironment [main] Removing [defaultProperties] PropertySource
2024-05-11 10:17:48,772 DEBUG o.s.w.c.ContextLoader [localhost-startStop-1] Published root WebApplicationContext as ServletContext attribute with name [org.springframework.web.context.WebApplicationContext.ROOT]
2024-05-11 10:17:48,773 INFO o.s.w.c.ContextLoader [localhost-startStop-1] Root WebApplicationContext: initialization completed in 8431 ms
2024-05-11 10:17:48,863 DEBUG o.s.w.c.s.StandardServletEnvironment [localhost-startStop-1] Adding [servletConfigInitParams] PropertySource with lowest search precedence
2024-05-11 10:17:48,863 DEBUG o.s.w.c.s.StandardServletEnvironment [localhost-startStop-1] Adding [servletContextInitParams] PropertySource with lowest search precedence
2024-05-11 10:17:48,864 DEBUG o.s.w.c.s.StandardServletEnvironment [localhost-startStop-1] Adding [systemProperties] PropertySource with lowest search precedence
2024-05-11 10:17:48,864 DEBUG o.s.w.c.s.StandardServletEnvironment [localhost-startStop-1] Adding [systemEnvironment] PropertySource with lowest search precedence
2024-05-11 10:17:48,864 DEBUG o.s.w.c.s.StandardServletEnvironment [localhost-startStop-1] Initialized StandardServletEnvironment with PropertySources [servletConfigInitParams,servletContextInitParams,systemProperties,systemEnvironment]
2024-05-11 10:17:48,868 DEBUG o.s.w.c.s.StandardServletEnvironment [localhost-startStop-1] Adding [servletConfigInitParams] PropertySource with lowest search precedence
2024-05-11 10:17:48,869 DEBUG o.s.w.c.s.StandardServletEnvironment [localhost-startStop-1] Adding [servletContextInitParams] PropertySource with lowest search precedence
2024-05-11 10:17:48,869 DEBUG o.s.w.c.s.StandardServletEnvironment [localhost-startStop-1] Adding [systemProperties] PropertySource with lowest search precedence
2024-05-11 10:17:48,869 DEBUG o.s.w.c.s.StandardServletEnvironment [localhost-startStop-1] Adding [systemEnvironment] PropertySource with lowest search precedence
2024-05-11 10:17:48,869 DEBUG o.s.w.c.s.StandardServletEnvironment [localhost-startStop-1] Initialized StandardServletEnvironment with PropertySources [servletConfigInitParams,servletContextInitParams,systemProperties,systemEnvironment]
2024-05-11 10:17:48,886 DEBUG o.s.w.c.s.StandardServletEnvironment [localhost-startStop-1] Adding [servletConfigInitParams] PropertySource with lowest search precedence
2024-05-11 10:17:48,886 DEBUG o.s.w.c.s.StandardServletEnvironment [localhost-startStop-1] Adding [servletContextInitParams] PropertySource with lowest search precedence
2024-05-11 10:17:48,886 DEBUG o.s.w.c.s.StandardServletEnvironment [localhost-startStop-1] Adding [systemProperties] PropertySource with lowest search precedence
2024-05-11 10:17:48,886 DEBUG o.s.w.c.s.StandardServletEnvironment [localhost-startStop-1] Adding [systemEnvironment] PropertySource with lowest search precedence
2024-05-11 10:17:48,886 DEBUG o.s.w.c.s.StandardServletEnvironment [localhost-startStop-1] Initialized StandardServletEnvironment with PropertySources [servletConfigInitParams,servletContextInitParams,systemProperties,systemEnvironment]
2024-05-11 10:17:48,893 DEBUG o.s.w.c.s.StandardServletEnvironment [localhost-startStop-1] Adding [servletConfigInitParams] PropertySource with lowest search precedence
2024-05-11 10:17:48,893 DEBUG o.s.w.c.s.StandardServletEnvironment [localhost-startStop-1] Adding [servletContextInitParams] PropertySource with lowest search precedence
2024-05-11 10:17:48,893 DEBUG o.s.w.c.s.StandardServletEnvironment [localhost-startStop-1] Adding [systemProperties] PropertySource with lowest search precedence
2024-05-11 10:17:48,893 DEBUG o.s.w.c.s.StandardServletEnvironment [localhost-startStop-1] Adding [systemEnvironment] PropertySource with lowest search precedence
2024-05-11 10:17:48,893 DEBUG o.s.w.c.s.StandardServletEnvironment [localhost-startStop-1] Initialized StandardServletEnvironment with PropertySources [servletConfigInitParams,servletContextInitParams,systemProperties,systemEnvironment]
2024-05-11 10:17:48,904 DEBUG o.s.w.c.s.StandardServletEnvironment [localhost-startStop-1] Adding [servletConfigInitParams] PropertySource with lowest search precedence
2024-05-11 10:17:48,904 DEBUG o.s.w.c.s.StandardServletEnvironment [localhost-startStop-1] Adding [servletContextInitParams] PropertySource with lowest search precedence
2024-05-11 10:17:48,904 DEBUG o.s.w.c.s.StandardServletEnvironment [localhost-startStop-1] Adding [systemProperties] PropertySource with lowest search precedence
2024-05-11 10:17:48,904 DEBUG o.s.w.c.s.StandardServletEnvironment [localhost-startStop-1] Adding [systemEnvironment] PropertySource with lowest search precedence
2024-05-11 10:17:48,904 DEBUG o.s.w.c.s.StandardServletEnvironment [localhost-startStop-1] Initialized StandardServletEnvironment with PropertySources [servletConfigInitParams,servletContextInitParams,systemProperties,systemEnvironment]
2024-05-11 10:17:49,061 DEBUG o.s.w.c.s.StandardServletEnvironment [main] Replacing [servletContextInitParams] PropertySource with [servletContextInitParams]
2024-05-11 10:17:49,690 INFO o.s.w.s.m.m.a.RequestMappingHandlerAdapter [main] Looking for @ControllerAdvice: org.springframework.boot.context.embedded.AnnotationConfigEmbeddedWebApplicationContext@657c8ad9: startup date [Sat May 11 10:17:40 EAT 2024]; root of context hierarchy
2024-05-11 10:17:49,753 DEBUG o.s.w.s.m.m.a.RequestMappingHandlerMapping [main] Looking for request mappings in application context: org.springframework.boot.context.embedded.AnnotationConfigEmbeddedWebApplicationContext@657c8ad9: startup date [Sat May 11 10:17:40 EAT 2024]; root of context hierarchy
2024-05-11 10:17:49,761 DEBUG o.s.w.s.m.m.a.RequestMappingHandlerMapping [main] 3 request handler methods found on class org.ips.xml.signer.xmlsigner.controller.DigestController: {public java.lang.String org.ips.xml.signer.xmlsigner.controller.DigestController.verifyXml(java.lang.String)={[/api/verify],methods=[POST],consumes=[application/xml]}, public java.lang.String org.ips.xml.signer.xmlsigner.controller.DigestController.getJwt(java.lang.String)={[/api/jwt],methods=[POST]}, public java.lang.String org.ips.xml.signer.xmlsigner.controller.DigestController.handleXmlRequest(java.lang.String)={[/api/digest],methods=[POST],consumes=[application/xml],produces=[application/xml]}}
2024-05-11 10:17:49,761 INFO o.s.w.s.m.m.a.RequestMappingHandlerMapping [main] Mapped "{[/api/verify],methods=[POST],consumes=[application/xml]}" onto public java.lang.String org.ips.xml.signer.xmlsigner.controller.DigestController.verifyXml(java.lang.String)
2024-05-11 10:17:49,762 INFO o.s.w.s.m.m.a.RequestMappingHandlerMapping [main] Mapped "{[/api/jwt],methods=[POST]}" onto public java.lang.String org.ips.xml.signer.xmlsigner.controller.DigestController.getJwt(java.lang.String)
2024-05-11 10:17:49,762 INFO o.s.w.s.m.m.a.RequestMappingHandlerMapping [main] Mapped "{[/api/digest],methods=[POST],consumes=[application/xml],produces=[application/xml]}" onto public java.lang.String org.ips.xml.signer.xmlsigner.controller.DigestController.handleXmlRequest(java.lang.String)
2024-05-11 10:17:49,763 DEBUG o.s.w.s.m.m.a.RequestMappingHandlerMapping [main] 2 request handler methods found on class org.springframework.boot.autoconfigure.web.BasicErrorController: {public org.springframework.http.ResponseEntity org.springframework.boot.autoconfigure.web.BasicErrorController.error(javax.servlet.http.HttpServletRequest)={[/error]}, public org.springframework.web.servlet.ModelAndView org.springframework.boot.autoconfigure.web.BasicErrorController.errorHtml(javax.servlet.http.HttpServletRequest,javax.servlet.http.HttpServletResponse)={[/error],produces=[text/html]}}
2024-05-11 10:17:49,763 INFO o.s.w.s.m.m.a.RequestMappingHandlerMapping [main] Mapped "{[/error]}" onto public org.springframework.http.ResponseEntity<java.util.Map<java.lang.String, java.lang.Object>> org.springframework.boot.autoconfigure.web.BasicErrorController.error(javax.servlet.http.HttpServletRequest)
2024-05-11 10:17:49,763 INFO o.s.w.s.m.m.a.RequestMappingHandlerMapping [main] Mapped "{[/error],produces=[text/html]}" onto public org.springframework.web.servlet.ModelAndView org.springframework.boot.autoconfigure.web.BasicErrorController.errorHtml(javax.servlet.http.HttpServletRequest,javax.servlet.http.HttpServletResponse)
2024-05-11 10:17:49,772 DEBUG o.s.w.s.h.BeanNameUrlHandlerMapping [main] Looking for URL mappings in application context: org.springframework.boot.context.embedded.AnnotationConfigEmbeddedWebApplicationContext@657c8ad9: startup date [Sat May 11 10:17:40 EAT 2024]; root of context hierarchy
2024-05-11 10:17:49,772 DEBUG o.s.w.s.h.BeanNameUrlHandlerMapping [main] Rejected bean name 'org.springframework.context.annotation.internalConfigurationAnnotationProcessor': no URL paths identified
2024-05-11 10:17:49,773 DEBUG o.s.w.s.h.BeanNameUrlHandlerMapping [main] Rejected bean name 'org.springframework.context.annotation.internalAutowiredAnnotationProcessor': no URL paths identified
2024-05-11 10:17:49,773 DEBUG o.s.w.s.h.BeanNameUrlHandlerMapping [main] Rejected bean name 'org.springframework.context.annotation.internalRequiredAnnotationProcessor': no URL paths identified
2024-05-11 10:17:49,773 DEBUG o.s.w.s.h.BeanNameUrlHandlerMapping [main] Rejected bean name 'org.springframework.context.annotation.internalCommonAnnotationProcessor': no URL paths identified
2024-05-11 10:17:49,773 DEBUG o.s.w.s.h.BeanNameUrlHandlerMapping [main] Rejected bean name 'org.springframework.context.event.internalEventListenerProcessor': no URL paths identified
2024-05-11 10:17:49,773 DEBUG o.s.w.s.h.BeanNameUrlHandlerMapping [main] Rejected bean name 'org.springframework.context.event.internalEventListenerFactory': no URL paths identified
2024-05-11 10:17:49,773 DEBUG o.s.w.s.h.BeanNameUrlHandlerMapping [main] Rejected bean name 'xmlSignerApplication': no URL paths identified
2024-05-11 10:17:49,773 DEBUG o.s.w.s.h.BeanNameUrlHandlerMapping [main] Rejected bean name 'org.springframework.boot.autoconfigure.internalCachingMetadataReaderFactory': no URL paths identified
2024-05-11 10:17:49,773 DEBUG o.s.w.s.h.BeanNameUrlHandlerMapping [main] Rejected bean name 'digestController': no URL paths identified
2024-05-11 10:17:49,773 DEBUG o.s.w.s.h.BeanNameUrlHandlerMapping [main] Rejected bean name 'certeficateAndKeysUtility': no URL paths identified
2024-05-11 10:17:49,773 DEBUG o.s.w.s.h.BeanNameUrlHandlerMapping [main] Rejected bean name 'globalExceptionHandler': no URL paths identified
2024-05-11 10:17:49,773 DEBUG o.s.w.s.h.BeanNameUrlHandlerMapping [main] Rejected bean name 'restResponse': no URL paths identified
2024-05-11 10:17:49,773 DEBUG o.s.w.s.h.BeanNameUrlHandlerMapping [main] Rejected bean name 'certeficatClientService': no URL paths identified
2024-05-11 10:17:49,773 DEBUG o.s.w.s.h.BeanNameUrlHandlerMapping [main] Rejected bean name 'digestServiceImpl': no URL paths identified
2024-05-11 10:17:49,773 DEBUG o.s.w.s.h.BeanNameUrlHandlerMapping [main] Rejected bean name 'XMLDigestVerifierImpl': no URL paths identified
2024-05-11 10:17:49,773 DEBUG o.s.w.s.h.BeanNameUrlHandlerMapping [main] Rejected bean name 'jwtSigningUtils': no URL paths identified
2024-05-11 10:17:49,773 DEBUG o.s.w.s.h.BeanNameUrlHandlerMapping [main] Rejected bean name 'XMLFileUtility': no URL paths identified
2024-05-11 10:17:49,773 DEBUG o.s.w.s.h.BeanNameUrlHandlerMapping [main] Rejected bean name 'xmlSignUtil': no URL paths identified
2024-05-11 10:17:49,773 DEBUG o.s.w.s.h.BeanNameUrlHandlerMapping [main] Rejected bean name 'org.springframework.boot.web.support.SpringBootServletInitializer$ErrorPageFilterConfiguration': no URL paths identified
2024-05-11 10:17:49,773 DEBUG o.s.w.s.h.BeanNameUrlHandlerMapping [main] Rejected bean name 'errorPageFilter': no URL paths identified
2024-05-11 10:17:49,773 DEBUG o.s.w.s.h.BeanNameUrlHandlerMapping [main] Rejected bean name 'org.springframework.boot.autoconfigure.AutoConfigurationPackages': no URL paths identified
2024-05-11 10:17:49,773 DEBUG o.s.w.s.h.BeanNameUrlHandlerMapping [main] Rejected bean name 'org.springframework.boot.autoconfigure.context.PropertyPlaceholderAutoConfiguration': no URL paths identified
2024-05-11 10:17:49,773 DEBUG o.s.w.s.h.BeanNameUrlHandlerMapping [main] Rejected bean name 'org.springframework.boot.autoconfigure.condition.BeanTypeRegistry': no URL paths identified
2024-05-11 10:17:49,773 DEBUG o.s.w.s.h.BeanNameUrlHandlerMapping [main] Rejected bean name 'propertySourcesPlaceholderConfigurer': no URL paths identified
2024-05-11 10:17:49,773 DEBUG o.s.w.s.h.BeanNameUrlHandlerMapping [main] Rejected bean name 'org.springframework.boot.autoconfigure.jackson.JacksonAutoConfiguration$Jackson2ObjectMapperBuilderCustomizerConfiguration': no URL paths identified
2024-05-11 10:17:49,773 DEBUG o.s.w.s.h.BeanNameUrlHandlerMapping [main] Rejected bean name 'standardJacksonObjectMapperBuilderCustomizer': no URL paths identified
2024-05-11 10:17:49,773 DEBUG o.s.w.s.h.BeanNameUrlHandlerMapping [main] Rejected bean name 'spring.jackson-org.springframework.boot.autoconfigure.jackson.JacksonProperties': no URL paths identified
2024-05-11 10:17:49,773 DEBUG o.s.w.s.h.BeanNameUrlHandlerMapping [main] Rejected bean name 'org.springframework.boot.context.properties.ConfigurationPropertiesBindingPostProcessor': no URL paths identified
2024-05-11 10:17:49,773 DEBUG o.s.w.s.h.BeanNameUrlHandlerMapping [main] Rejected bean name 'org.springframework.boot.context.properties.ConfigurationPropertiesBindingPostProcessor.store': no URL paths identified
2024-05-11 10:17:49,773 DEBUG o.s.w.s.h.BeanNameUrlHandlerMapping [main] Rejected bean name 'org.springframework.boot.autoconfigure.jackson.JacksonAutoConfiguration$JacksonObjectMapperBuilderConfiguration': no URL paths identified
2024-05-11 10:17:49,773 DEBUG o.s.w.s.h.BeanNameUrlHandlerMapping [main] Rejected bean name 'jacksonObjectMapperBuilder': no URL paths identified
2024-05-11 10:17:49,773 DEBUG o.s.w.s.h.BeanNameUrlHandlerMapping [main] Rejected bean name 'org.springframework.boot.autoconfigure.jackson.JacksonAutoConfiguration$JacksonObjectMapperConfiguration': no URL paths identified
2024-05-11 10:17:49,773 DEBUG o.s.w.s.h.BeanNameUrlHandlerMapping [main] Rejected bean name 'jacksonObjectMapper': no URL paths identified
2024-05-11 10:17:49,773 DEBUG o.s.w.s.h.BeanNameUrlHandlerMapping [main] Rejected bean name 'org.springframework.boot.autoconfigure.jackson.JacksonAutoConfiguration': no URL paths identified
2024-05-11 10:17:49,773 DEBUG o.s.w.s.h.BeanNameUrlHandlerMapping [main] Rejected bean name 'jsonComponentModule': no URL paths identified
2024-05-11 10:17:49,774 DEBUG o.s.w.s.h.BeanNameUrlHandlerMapping [main] Rejected bean name 'org.springframework.boot.autoconfigure.websocket.WebSocketAutoConfiguration$TomcatWebSocketConfiguration': no URL paths identified
2024-05-11 10:17:49,774 DEBUG o.s.w.s.h.BeanNameUrlHandlerMapping [main] Rejected bean name 'websocketContainerCustomizer': no URL paths identified
2024-05-11 10:17:49,774 DEBUG o.s.w.s.h.BeanNameUrlHandlerMapping [main] Rejected bean name 'org.springframework.boot.autoconfigure.websocket.WebSocketAutoConfiguration': no URL paths identified
2024-05-11 10:17:49,774 DEBUG o.s.w.s.h.BeanNameUrlHandlerMapping [main] Rejected bean name 'org.springframework.boot.autoconfigure.web.EmbeddedServletContainerAutoConfiguration$EmbeddedTomcat': no URL paths identified
2024-05-11 10:17:49,774 DEBUG o.s.w.s.h.BeanNameUrlHandlerMapping [main] Rejected bean name 'tomcatEmbeddedServletContainerFactory': no URL paths identified
2024-05-11 10:17:49,774 DEBUG o.s.w.s.h.BeanNameUrlHandlerMapping [main] Rejected bean name 'org.springframework.boot.autoconfigure.web.EmbeddedServletContainerAutoConfiguration': no URL paths identified
2024-05-11 10:17:49,774 DEBUG o.s.w.s.h.BeanNameUrlHandlerMapping [main] Rejected bean name 'embeddedServletContainerCustomizerBeanPostProcessor': no URL paths identified
2024-05-11 10:17:49,774 DEBUG o.s.w.s.h.BeanNameUrlHandlerMapping [main] Rejected bean name 'errorPageRegistrarBeanPostProcessor': no URL paths identified
2024-05-11 10:17:49,774 DEBUG o.s.w.s.h.BeanNameUrlHandlerMapping [main] Rejected bean name 'org.springframework.boot.autoconfigure.web.DispatcherServletAutoConfiguration$DispatcherServletConfiguration': no URL paths identified
2024-05-11 10:17:49,774 DEBUG o.s.w.s.h.BeanNameUrlHandlerMapping [main] Rejected bean name 'dispatcherServlet': no URL paths identified
2024-05-11 10:17:49,774 DEBUG o.s.w.s.h.BeanNameUrlHandlerMapping [main] Rejected bean name 'spring.mvc-org.springframework.boot.autoconfigure.web.WebMvcProperties': no URL paths identified
2024-05-11 10:17:49,774 DEBUG o.s.w.s.h.BeanNameUrlHandlerMapping [main] Rejected bean name 'org.springframework.boot.autoconfigure.web.DispatcherServletAutoConfiguration$DispatcherServletRegistrationConfiguration': no URL paths identified
2024-05-11 10:17:49,774 DEBUG o.s.w.s.h.BeanNameUrlHandlerMapping [main] Rejected bean name 'dispatcherServletRegistration': no URL paths identified
2024-05-11 10:17:49,774 DEBUG o.s.w.s.h.BeanNameUrlHandlerMapping [main] Rejected bean name 'org.springframework.boot.autoconfigure.web.DispatcherServletAutoConfiguration': no URL paths identified
2024-05-11 10:17:49,774 DEBUG o.s.w.s.h.BeanNameUrlHandlerMapping [main] Rejected bean name 'org.springframework.boot.autoconfigure.web.ErrorMvcAutoConfiguration$WhitelabelErrorViewConfiguration': no URL paths identified
2024-05-11 10:17:49,774 DEBUG o.s.w.s.h.BeanNameUrlHandlerMapping [main] Rejected bean name 'error': no URL paths identified
2024-05-11 10:17:49,774 DEBUG o.s.w.s.h.BeanNameUrlHandlerMapping [main] Rejected bean name 'beanNameViewResolver': no URL paths identified
2024-05-11 10:17:49,774 DEBUG o.s.w.s.h.BeanNameUrlHandlerMapping [main] Rejected bean name 'org.springframework.boot.autoconfigure.web.ErrorMvcAutoConfiguration$DefaultErrorViewResolverConfiguration': no URL paths identified
2024-05-11 10:17:49,774 DEBUG o.s.w.s.h.BeanNameUrlHandlerMapping [main] Rejected bean name 'conventionErrorViewResolver': no URL paths identified
2024-05-11 10:17:49,774 DEBUG o.s.w.s.h.BeanNameUrlHandlerMapping [main] Rejected bean name 'org.springframework.boot.autoconfigure.web.ErrorMvcAutoConfiguration': no URL paths identified
2024-05-11 10:17:49,774 DEBUG o.s.w.s.h.BeanNameUrlHandlerMapping [main] Rejected bean name 'errorAttributes': no URL paths identified
2024-05-11 10:17:49,774 DEBUG o.s.w.s.h.BeanNameUrlHandlerMapping [main] Rejected bean name 'basicErrorController': no URL paths identified
2024-05-11 10:17:49,774 DEBUG o.s.w.s.h.BeanNameUrlHandlerMapping [main] Rejected bean name 'errorPageCustomizer': no URL paths identified
2024-05-11 10:17:49,774 DEBUG o.s.w.s.h.BeanNameUrlHandlerMapping [main] Rejected bean name 'preserveErrorControllerTargetClassPostProcessor': no URL paths identified
2024-05-11 10:17:49,774 DEBUG o.s.w.s.h.BeanNameUrlHandlerMapping [main] Rejected bean name 'spring.resources-org.springframework.boot.autoconfigure.web.ResourceProperties': no URL paths identified
2024-05-11 10:17:49,774 DEBUG o.s.w.s.h.BeanNameUrlHandlerMapping [main] Rejected bean name 'org.springframework.boot.autoconfigure.web.WebMvcAutoConfiguration$EnableWebMvcConfiguration': no URL paths identified
2024-05-11 10:17:49,774 DEBUG o.s.w.s.h.BeanNameUrlHandlerMapping [main] Rejected bean name 'requestMappingHandlerAdapter': no URL paths identified
2024-05-11 10:17:49,774 DEBUG o.s.w.s.h.BeanNameUrlHandlerMapping [main] Rejected bean name 'requestMappingHandlerMapping': no URL paths identified
2024-05-11 10:17:49,774 DEBUG o.s.w.s.h.BeanNameUrlHandlerMapping [main] Rejected bean name 'mvcPathMatcher': no URL paths identified
2024-05-11 10:17:49,774 DEBUG o.s.w.s.h.BeanNameUrlHandlerMapping [main] Rejected bean name 'mvcUrlPathHelper': no URL paths identified
2024-05-11 10:17:49,774 DEBUG o.s.w.s.h.BeanNameUrlHandlerMapping [main] Rejected bean name 'mvcContentNegotiationManager': no URL paths identified
2024-05-11 10:17:49,774 DEBUG o.s.w.s.h.BeanNameUrlHandlerMapping [main] Rejected bean name 'viewControllerHandlerMapping': no URL paths identified
2024-05-11 10:17:49,774 DEBUG o.s.w.s.h.BeanNameUrlHandlerMapping [main] Rejected bean name 'beanNameHandlerMapping': no URL paths identified
2024-05-11 10:17:49,774 DEBUG o.s.w.s.h.BeanNameUrlHandlerMapping [main] Rejected bean name 'resourceHandlerMapping': no URL paths identified
2024-05-11 10:17:49,774 DEBUG o.s.w.s.h.BeanNameUrlHandlerMapping [main] Rejected bean name 'mvcResourceUrlProvider': no URL paths identified
2024-05-11 10:17:49,774 DEBUG o.s.w.s.h.BeanNameUrlHandlerMapping [main] Rejected bean name 'defaultServletHandlerMapping': no URL paths identified
2024-05-11 10:17:49,774 DEBUG o.s.w.s.h.BeanNameUrlHandlerMapping [main] Rejected bean name 'mvcConversionService': no URL paths identified
2024-05-11 10:17:49,774 DEBUG o.s.w.s.h.BeanNameUrlHandlerMapping [main] Rejected bean name 'mvcValidator': no URL paths identified
2024-05-11 10:17:49,774 DEBUG o.s.w.s.h.BeanNameUrlHandlerMapping [main] Rejected bean name 'mvcUriComponentsContributor': no URL paths identified
2024-05-11 10:17:49,774 DEBUG o.s.w.s.h.BeanNameUrlHandlerMapping [main] Rejected bean name 'httpRequestHandlerAdapter': no URL paths identified
2024-05-11 10:17:49,774 DEBUG o.s.w.s.h.BeanNameUrlHandlerMapping [main] Rejected bean name 'simpleControllerHandlerAdapter': no URL paths identified
2024-05-11 10:17:49,774 DEBUG o.s.w.s.h.BeanNameUrlHandlerMapping [main] Rejected bean name 'handlerExceptionResolver': no URL paths identified
2024-05-11 10:17:49,774 DEBUG o.s.w.s.h.BeanNameUrlHandlerMapping [main] Rejected bean name 'mvcViewResolver': no URL paths identified
2024-05-11 10:17:49,774 DEBUG o.s.w.s.h.BeanNameUrlHandlerMapping [main] Rejected bean name 'org.springframework.boot.autoconfigure.web.WebMvcAutoConfiguration$WebMvcAutoConfigurationAdapter$FaviconConfiguration': no URL paths identified
2024-05-11 10:17:49,774 DEBUG o.s.w.s.h.BeanNameUrlHandlerMapping [main] Rejected bean name 'faviconHandlerMapping': no URL paths identified
2024-05-11 10:17:49,774 DEBUG o.s.w.s.h.BeanNameUrlHandlerMapping [main] Rejected bean name 'faviconRequestHandler': no URL paths identified
2024-05-11 10:17:49,775 DEBUG o.s.w.s.h.BeanNameUrlHandlerMapping [main] Rejected bean name 'org.springframework.boot.autoconfigure.web.WebMvcAutoConfiguration$WebMvcAutoConfigurationAdapter': no URL paths identified
2024-05-11 10:17:49,775 DEBUG o.s.w.s.h.BeanNameUrlHandlerMapping [main] Rejected bean name 'defaultViewResolver': no URL paths identified
2024-05-11 10:17:49,775 DEBUG o.s.w.s.h.BeanNameUrlHandlerMapping [main] Rejected bean name 'viewResolver': no URL paths identified
2024-05-11 10:17:49,775 DEBUG o.s.w.s.h.BeanNameUrlHandlerMapping [main] Rejected bean name 'welcomePageHandlerMapping': no URL paths identified
2024-05-11 10:17:49,775 DEBUG o.s.w.s.h.BeanNameUrlHandlerMapping [main] Rejected bean name 'requestContextFilter': no URL paths identified
2024-05-11 10:17:49,775 DEBUG o.s.w.s.h.BeanNameUrlHandlerMapping [main] Rejected bean name 'org.springframework.boot.autoconfigure.web.WebMvcAutoConfiguration': no URL paths identified
2024-05-11 10:17:49,775 DEBUG o.s.w.s.h.BeanNameUrlHandlerMapping [main] Rejected bean name 'hiddenHttpMethodFilter': no URL paths identified
2024-05-11 10:17:49,775 DEBUG o.s.w.s.h.BeanNameUrlHandlerMapping [main] Rejected bean name 'httpPutFormContentFilter': no URL paths identified
2024-05-11 10:17:49,775 DEBUG o.s.w.s.h.BeanNameUrlHandlerMapping [main] Rejected bean name 'org.springframework.boot.autoconfigure.jmx.JmxAutoConfiguration': no URL paths identified
2024-05-11 10:17:49,775 DEBUG o.s.w.s.h.BeanNameUrlHandlerMapping [main] Rejected bean name 'mbeanExporter': no URL paths identified
2024-05-11 10:17:49,775 DEBUG o.s.w.s.h.BeanNameUrlHandlerMapping [main] Rejected bean name 'objectNamingStrategy': no URL paths identified
2024-05-11 10:17:49,775 DEBUG o.s.w.s.h.BeanNameUrlHandlerMapping [main] Rejected bean name 'mbeanServer': no URL paths identified
2024-05-11 10:17:49,775 DEBUG o.s.w.s.h.BeanNameUrlHandlerMapping [main] Rejected bean name 'org.springframework.boot.autoconfigure.context.ConfigurationPropertiesAutoConfiguration': no URL paths identified
2024-05-11 10:17:49,775 DEBUG o.s.w.s.h.BeanNameUrlHandlerMapping [main] Rejected bean name 'org.springframework.boot.autoconfigure.validation.ValidationAutoConfiguration': no URL paths identified
2024-05-11 10:17:49,775 DEBUG o.s.w.s.h.BeanNameUrlHandlerMapping [main] Rejected bean name 'validator': no URL paths identified
2024-05-11 10:17:49,775 DEBUG o.s.w.s.h.BeanNameUrlHandlerMapping [main] Rejected bean name 'methodValidationPostProcessor': no URL paths identified
2024-05-11 10:17:49,775 DEBUG o.s.w.s.h.BeanNameUrlHandlerMapping [main] Rejected bean name 'org.springframework.boot.autoconfigure.web.HttpMessageConvertersAutoConfiguration$StringHttpMessageConverterConfiguration': no URL paths identified
2024-05-11 10:17:49,775 DEBUG o.s.w.s.h.BeanNameUrlHandlerMapping [main] Rejected bean name 'stringHttpMessageConverter': no URL paths identified
2024-05-11 10:17:49,775 DEBUG o.s.w.s.h.BeanNameUrlHandlerMapping [main] Rejected bean name 'spring.http.encoding-org.springframework.boot.autoconfigure.web.HttpEncodingProperties': no URL paths identified
2024-05-11 10:17:49,775 DEBUG o.s.w.s.h.BeanNameUrlHandlerMapping [main] Rejected bean name 'org.springframework.boot.autoconfigure.web.JacksonHttpMessageConvertersConfiguration$MappingJackson2HttpMessageConverterConfiguration': no URL paths identified
2024-05-11 10:17:49,775 DEBUG o.s.w.s.h.BeanNameUrlHandlerMapping [main] Rejected bean name 'mappingJackson2HttpMessageConverter': no URL paths identified
2024-05-11 10:17:49,775 DEBUG o.s.w.s.h.BeanNameUrlHandlerMapping [main] Rejected bean name 'org.springframework.boot.autoconfigure.web.JacksonHttpMessageConvertersConfiguration': no URL paths identified
2024-05-11 10:17:49,775 DEBUG o.s.w.s.h.BeanNameUrlHandlerMapping [main] Rejected bean name 'org.springframework.boot.autoconfigure.web.HttpMessageConvertersAutoConfiguration': no URL paths identified
2024-05-11 10:17:49,775 DEBUG o.s.w.s.h.BeanNameUrlHandlerMapping [main] Rejected bean name 'messageConverters': no URL paths identified
2024-05-11 10:17:49,775 DEBUG o.s.w.s.h.BeanNameUrlHandlerMapping [main] Rejected bean name 'org.springframework.boot.autoconfigure.info.ProjectInfoAutoConfiguration': no URL paths identified
2024-05-11 10:17:49,775 DEBUG o.s.w.s.h.BeanNameUrlHandlerMapping [main] Rejected bean name 'spring.info-org.springframework.boot.autoconfigure.info.ProjectInfoProperties': no URL paths identified
2024-05-11 10:17:49,775 DEBUG o.s.w.s.h.BeanNameUrlHandlerMapping [main] Rejected bean name 'org.springframework.boot.autoconfigure.web.HttpEncodingAutoConfiguration': no URL paths identified
2024-05-11 10:17:49,775 DEBUG o.s.w.s.h.BeanNameUrlHandlerMapping [main] Rejected bean name 'characterEncodingFilter': no URL paths identified
2024-05-11 10:17:49,775 DEBUG o.s.w.s.h.BeanNameUrlHandlerMapping [main] Rejected bean name 'localeCharsetMappingsCustomizer': no URL paths identified
2024-05-11 10:17:49,775 DEBUG o.s.w.s.h.BeanNameUrlHandlerMapping [main] Rejected bean name 'org.springframework.boot.autoconfigure.web.MultipartAutoConfiguration': no URL paths identified
2024-05-11 10:17:49,775 DEBUG o.s.w.s.h.BeanNameUrlHandlerMapping [main] Rejected bean name 'multipartConfigElement': no URL paths identified
2024-05-11 10:17:49,775 DEBUG o.s.w.s.h.BeanNameUrlHandlerMapping [main] Rejected bean name 'multipartResolver': no URL paths identified
2024-05-11 10:17:49,775 DEBUG o.s.w.s.h.BeanNameUrlHandlerMapping [main] Rejected bean name 'spring.http.multipart-org.springframework.boot.autoconfigure.web.MultipartProperties': no URL paths identified
2024-05-11 10:17:49,775 DEBUG o.s.w.s.h.BeanNameUrlHandlerMapping [main] Rejected bean name 'org.springframework.boot.autoconfigure.web.ServerPropertiesAutoConfiguration': no URL paths identified
2024-05-11 10:17:49,775 DEBUG o.s.w.s.h.BeanNameUrlHandlerMapping [main] Rejected bean name 'serverProperties': no URL paths identified
2024-05-11 10:17:49,775 DEBUG o.s.w.s.h.BeanNameUrlHandlerMapping [main] Rejected bean name 'duplicateServerPropertiesDetector': no URL paths identified
2024-05-11 10:17:49,775 DEBUG o.s.w.s.h.BeanNameUrlHandlerMapping [main] Rejected bean name 'org.springframework.boot.autoconfigure.web.WebClientAutoConfiguration$RestTemplateConfiguration': no URL paths identified
2024-05-11 10:17:49,775 DEBUG o.s.w.s.h.BeanNameUrlHandlerMapping [main] Rejected bean name 'restTemplateBuilder': no URL paths identified
2024-05-11 10:17:49,775 DEBUG o.s.w.s.h.BeanNameUrlHandlerMapping [main] Rejected bean name 'org.springframework.boot.autoconfigure.web.WebClientAutoConfiguration': no URL paths identified
2024-05-11 10:17:49,775 DEBUG o.s.w.s.h.BeanNameUrlHandlerMapping [main] Rejected bean name 'autoConfigurationReport': no URL paths identified
2024-05-11 10:17:49,775 DEBUG o.s.w.s.h.BeanNameUrlHandlerMapping [main] Rejected bean name 'springApplicationArguments': no URL paths identified
2024-05-11 10:17:49,775 DEBUG o.s.w.s.h.BeanNameUrlHandlerMapping [main] Rejected bean name 'springBootBanner': no URL paths identified
2024-05-11 10:17:49,775 DEBUG o.s.w.s.h.BeanNameUrlHandlerMapping [main] Rejected bean name 'springBootLoggingSystem': no URL paths identified
2024-05-11 10:17:49,775 DEBUG o.s.w.s.h.BeanNameUrlHandlerMapping [main] Rejected bean name 'environment': no URL paths identified
2024-05-11 10:17:49,775 DEBUG o.s.w.s.h.BeanNameUrlHandlerMapping [main] Rejected bean name 'systemProperties': no URL paths identified
2024-05-11 10:17:49,775 DEBUG o.s.w.s.h.BeanNameUrlHandlerMapping [main] Rejected bean name 'systemEnvironment': no URL paths identified
2024-05-11 10:17:49,775 DEBUG o.s.w.s.h.BeanNameUrlHandlerMapping [main] Rejected bean name 'org.springframework.context.annotation.ConfigurationClassPostProcessor.importRegistry': no URL paths identified
2024-05-11 10:17:49,776 DEBUG o.s.w.s.h.BeanNameUrlHandlerMapping [main] Rejected bean name 'messageSource': no URL paths identified
2024-05-11 10:17:49,776 DEBUG o.s.w.s.h.BeanNameUrlHandlerMapping [main] Rejected bean name 'applicationEventMulticaster': no URL paths identified
2024-05-11 10:17:49,776 DEBUG o.s.w.s.h.BeanNameUrlHandlerMapping [main] Rejected bean name 'servletContext': no URL paths identified
2024-05-11 10:17:49,776 DEBUG o.s.w.s.h.BeanNameUrlHandlerMapping [main] Rejected bean name 'contextParameters': no URL paths identified
2024-05-11 10:17:49,776 DEBUG o.s.w.s.h.BeanNameUrlHandlerMapping [main] Rejected bean name 'contextAttributes': no URL paths identified
2024-05-11 10:17:49,781 INFO o.s.w.s.h.SimpleUrlHandlerMapping [main] Mapped URL path [/webjars/**] onto handler of type [class org.springframework.web.servlet.resource.ResourceHttpRequestHandler]
2024-05-11 10:17:49,781 INFO o.s.w.s.h.SimpleUrlHandlerMapping [main] Mapped URL path [/**] onto handler of type [class org.springframework.web.servlet.resource.ResourceHttpRequestHandler]
2024-05-11 10:17:49,789 DEBUG o.s.w.s.m.m.a.ExceptionHandlerExceptionResolver [main] Looking for exception mappings: org.springframework.boot.context.embedded.AnnotationConfigEmbeddedWebApplicationContext@657c8ad9: startup date [Sat May 11 10:17:40 EAT 2024]; root of context hierarchy
2024-05-11 10:17:49,791 INFO o.s.w.s.m.m.a.ExceptionHandlerExceptionResolver [main] Detected @ExceptionHandler methods in globalExceptionHandler
2024-05-11 10:17:49,820 INFO o.s.w.s.h.SimpleUrlHandlerMapping [main] Mapped URL path [/**/favicon.ico] onto handler of type [class org.springframework.web.servlet.resource.ResourceHttpRequestHandler]
2024-05-11 10:17:49,987 DEBUG o.s.w.s.r.ResourceUrlProvider [main] Looking for resource handler mappings
2024-05-11 10:17:49,988 DEBUG o.s.w.s.r.ResourceUrlProvider [main] Found resource handler mapping: URL pattern="/**/favicon.ico", locations=[ServletContext resource [/], class path resource [META-INF/resources/], class path resource [resources/], class path resource [static/], class path resource [public/], class path resource []], resolvers=[org.springframework.web.servlet.resource.PathResourceResolver@11ee02f8]
2024-05-11 10:17:49,988 DEBUG o.s.w.s.r.ResourceUrlProvider [main] Found resource handler mapping: URL pattern="/webjars/**", locations=[class path resource [META-INF/resources/webjars/]], resolvers=[org.springframework.web.servlet.resource.PathResourceResolver@4102b1b1]
2024-05-11 10:17:49,989 DEBUG o.s.w.s.r.ResourceUrlProvider [main] Found resource handler mapping: URL pattern="/**", locations=[ServletContext resource [/], class path resource [META-INF/resources/], class path resource [resources/], class path resource [static/], class path resource [public/]], resolvers=[org.springframework.web.servlet.resource.PathResourceResolver@61a5b4ae]
2024-05-11 10:17:50,161 DEBUG o.s.w.c.s.StandardServletEnvironment [main] Adding [server.ports] PropertySource with highest search precedence
2024-05-11 10:17:53,919 DEBUG o.s.w.s.DispatcherServlet [http-nio-9181-exec-1] Initializing servlet 'dispatcherServlet'
2024-05-11 10:17:53,920 INFO o.s.w.s.DispatcherServlet [http-nio-9181-exec-1] FrameworkServlet 'dispatcherServlet': initialization started
2024-05-11 10:17:53,920 DEBUG o.s.w.s.DispatcherServlet [http-nio-9181-exec-1] Using MultipartResolver [org.springframework.web.multipart.support.StandardServletMultipartResolver@21183447]
2024-05-11 10:17:53,923 DEBUG o.s.w.s.DispatcherServlet [http-nio-9181-exec-1] Unable to locate LocaleResolver with name 'localeResolver': using default [org.springframework.web.servlet.i18n.AcceptHeaderLocaleResolver@1667e6e9]
2024-05-11 10:17:53,927 DEBUG o.s.w.s.DispatcherServlet [http-nio-9181-exec-1] Unable to locate ThemeResolver with name 'themeResolver': using default [org.springframework.web.servlet.theme.FixedThemeResolver@c2a2de6]
2024-05-11 10:17:53,930 DEBUG o.s.w.s.DispatcherServlet [http-nio-9181-exec-1] Unable to locate RequestToViewNameTranslator with name 'viewNameTranslator': using default [org.springframework.web.servlet.view.DefaultRequestToViewNameTranslator@1d2f67a5]
2024-05-11 10:17:53,935 DEBUG o.s.w.s.DispatcherServlet [http-nio-9181-exec-1] Unable to locate FlashMapManager with name 'flashMapManager': using default [org.springframework.web.servlet.support.SessionFlashMapManager@46a3c1c6]
2024-05-11 10:17:53,935 DEBUG o.s.w.s.DispatcherServlet [http-nio-9181-exec-1] Published WebApplicationContext of servlet 'dispatcherServlet' as ServletContext attribute with name [org.springframework.web.servlet.FrameworkServlet.CONTEXT.dispatcherServlet]
2024-05-11 10:17:53,935 INFO o.s.w.s.DispatcherServlet [http-nio-9181-exec-1] FrameworkServlet 'dispatcherServlet': initialization completed in 15 ms
2024-05-11 10:17:53,935 DEBUG o.s.w.s.DispatcherServlet [http-nio-9181-exec-1] Servlet 'dispatcherServlet' configured successfully
2024-05-11 10:17:53,952 DEBUG o.s.w.s.DispatcherServlet [http-nio-9181-exec-1] DispatcherServlet with name 'dispatcherServlet' processing POST request for [/api/jwt]
2024-05-11 10:17:53,955 DEBUG o.s.w.s.m.m.a.RequestMappingHandlerMapping [http-nio-9181-exec-1] Looking up handler method for path /api/jwt
2024-05-11 10:17:53,956 DEBUG o.s.w.s.m.m.a.RequestMappingHandlerMapping [http-nio-9181-exec-1] Returning handler method [public java.lang.String org.ips.xml.signer.xmlsigner.controller.DigestController.getJwt(java.lang.String)]
2024-05-11 10:17:53,974 DEBUG o.s.w.s.m.m.a.RequestResponseBodyMethodProcessor [http-nio-9181-exec-1] Read [class java.lang.String] as "application/xml;charset=UTF-8" with [org.springframework.http.converter.StringHttpMessageConverter@50687efb]
2024-05-11 10:17:54,208 DEBUG o.s.w.s.m.m.a.RequestResponseBodyMethodProcessor [http-nio-9181-exec-1] Written [eyJhbGciOiJSUzI1NiJ9.eyJpc3MiOiJDQkVURVRBQVhYWCIsImNlcnRfc24iOiI5NTg5MzIwNDM1NDkwMTEyNzk2MTQwNjE4MjA3ODY5NDc4MzExMDEzOTA4NTAiLCJleHAiOjE3MTU0MTE4NzksImp0aSI6IjExMjIzMzEyNDEyMzIxIiwiY2VydF9pc3MiOiJDTj1FVFMgSVBTIFJvb3QgQ0EsTz1FdGhTd2l0Y2gsQz1FVCJ9.jyK4FOf8EwmxxD1G2zp6UywHqWDpQ_0UxDteIHCdwi3CBr4hQTqK07VMO_SJed4lld8gjdyaCwFUrIEYGXnNKnkrEZwnGHKY-g4XL0nE7FljRT_tHMuMMggX2FwbfDuXNKY7qHHsrkWpg45DI1Gj3qdBMG-MgZQVLVOhwbqtQo6f5p-c5L-i2jhgJBfP5vtl34csbtzImEO5RvLdQF4TSuRpKCCVZg31g2KSjoAhvnEXa0d_gGuWqCtI7rUrQa-vRqwwPiMT6J_uLffaYtjo29FIxN-Am2Ofw_0fbJBqr3Q-pLkix6Wrj1-V_5otuRkx2P_J8dUwHmCYq_6NanymHA] as "text/plain" using [org.springframework.http.converter.StringHttpMessageConverter@50687efb]
2024-05-11 10:17:54,208 DEBUG o.s.w.s.DispatcherServlet [http-nio-9181-exec-1] Null ModelAndView returned to DispatcherServlet with name 'dispatcherServlet': assuming HandlerAdapter completed request handling
2024-05-11 10:17:54,208 DEBUG o.s.w.s.DispatcherServlet [http-nio-9181-exec-1] Successfully completed request
